
File: large_sample.fasta
ATGC___CATGCCA
ATGCATGCATGCAT
============== (14)
ATGCATGCATGCATATG
ATGCATGCATGCAT_GC
================= (17)
ATGCCATGCC
CACACA_CAC
========== (10)
TACATTACCCATAT
_ACACTACCC_TAA
============== (14)
TCACTGTTCTTCTAC
_C_CTCGT_TAC__C
=============== (15)
CTAGTAAATCCTAAA
CGAATTATTGCAATG
=============== (15)
__ACATCG_GTCGCCGT
GTAGGTTGAGATTTCTA
================= (17)
_____ATG__C_TTGT__GT
CAAGAAAGATCGTAGTCAAT
==================== (20)
[[ 0.00000  0.35714  0.41176  0.43750  0.09091  0.72727  0.60000  0.58333
   0.60000  0.63636  0.60000  0.66667  0.57143  0.58824  0.45455  0.65000]
 [ 0.35714  0.00000  0.17647  0.12500  0.35714  0.57143  0.53333  0.64286
   0.52941  0.71429  0.62500  0.50000  0.50000  0.58824  0.35714  0.50000]
 [ 0.41176  0.17647  0.00000  0.17647  0.47059  0.58824  0.41176  0.58824
   0.52632  0.64706  0.58824  0.41176  0.55556  0.61111  0.47059  0.52381]
 [ 0.43750  0.12500  0.17647  0.00000  0.37500  0.56250  0.50000  0.62500
   0.50000  0.62500  0.68750  0.47059  0.52941  0.61111  0.43750  0.57143]
 [ 0.09091  0.35714  0.47059  0.37500  0.00000  0.70000  0.60000  0.61538
   0.60000  0.60000  0.66667  0.58824  0.57143  0.64706  0.45455  0.70000]
 [ 0.72727  0.57143  0.58824  0.56250  0.70000  0.00000  0.57143  0.41667
   0.53333  0.54545  0.60000  0.66667  0.64286  0.76471  0.90000  0.65000]
 [ 0.60000  0.53333  0.41176  0.50000  0.60000  0.57143  0.00000  0.28571
   0.53333  0.60000  0.60000  0.50000  0.60000  0.58824  0.64286  0.57143]
 [ 0.58333  0.60000  0.58824  0.62500  0.61538  0.41667  0.28571  0.00000
   0.46667  0.53846  0.46667  0.66667  0.57143  0.70588  0.66667  0.65000]
 [ 0.60000  0.52941  0.52632  0.50000  0.60000  0.53333  0.53333  0.46667
   0.00000  0.53333  0.62500  0.62500  0.60000  0.55556  0.53333  0.60000]
 [ 0.63636  0.71429  0.64706  0.62500  0.60000  0.54545  0.60000  0.53846
   0.50000  0.00000  0.56250  0.66667  0.50000  0.70588  0.80000  0.65000]
 [ 0.60000  0.62500  0.58824  0.68750  0.66667  0.60000  0.60000  0.46667
   0.62500  0.56250  0.00000  0.53333  0.73333  0.50000  0.73333  0.40000]
 [ 0.66667  0.50000  0.41176  0.47059  0.58824  0.66667  0.50000  0.66667
   0.62500  0.66667  0.53333  0.00000  0.66667  0.57895  0.60000  0.42857]
 [ 0.57143  0.50000  0.55556  0.52941  0.57143  0.64286  0.60000  0.57143
   0.60000  0.50000  0.73333  0.66667  0.00000  0.70588  0.50000  0.57143]
 [ 0.58824  0.58824  0.61111  0.61111  0.64706  0.76471  0.58824  0.70588
   0.55556  0.70588  0.50000  0.57895  0.70588  0.00000  0.58824  0.60000]
 [ 0.45455  0.35714  0.47059  0.43750  0.45455  0.90000  0.64286  0.66667
   0.53333  0.80000  0.73333  0.56250  0.50000  0.58824  0.00000  0.65000]
 [ 0.65000  0.50000  0.52381  0.57143  0.70000  0.65000  0.60000  0.65000
   0.60000  0.65000  0.40000  0.42857  0.60000  0.60000  0.65000  0.00000]]
